[18:01:02] [main/INFO]: Loading Minecraft 1.21.11 with Fabric Loader 0.18.2
[18:01:02] [main/INFO]: Fabric is preparing JARs on first launch, this may take a few seconds...
[18:01:02] [main/INFO]: Loading 4 mods:
	- fabricloader 0.18.2
	   \-- mixinextras 0.5.0
	- java 21
	- minecraft 1.21.11
[18:01:02] [main/INFO]: SpongePowered MIXIN Subsystem Version=0.8.7 Source=file:/workspaces/probable-happiness/servidor_minecraft/libraries/net/fabricmc/sponge-mixin/0.16.5+mixin.0.8.7/sponge-mixin-0.16.5+mixin.0.8.7.jar Service=Knot/Fabric Env=SERVER
[18:01:08] [main/INFO]: Environment: Environment[sessionHost=https://sessionserver.mojang.com, servicesHost=https://api.minecraftservices.com, profilesHost=https://api.mojang.com, name=PROD]
[18:01:09] [main/INFO]: No existing world data, creating new world
[18:01:10] [main/INFO]: Loaded 1470 recipes
[18:01:10] [main/INFO]: Loaded 1584 advancements
[18:01:10] [Server thread/INFO]: Starting minecraft server version 1.21.11
[18:01:10] [Server thread/INFO]: Loading properties
[18:01:10] [Server thread/INFO]: Default game type: SURVIVAL
[18:01:10] [Server thread/INFO]: Generating keypair
[18:01:10] [Server thread/INFO]: Starting Minecraft server on *:25565
[18:01:10] [Server thread/WARN]: **** SERVER IS RUNNING IN OFFLINE/INSECURE MODE!
[18:01:10] [Server thread/WARN]: The server will make no attempt to authenticate usernames. Beware.
[18:01:10] [Server thread/WARN]: While this makes the game possible to play without internet access, it also opens up the ability for hackers to connect with any username they choose.
[18:01:10] [Server thread/WARN]: To change this, set "online-mode" to "true" in the server.properties file.
[18:01:10] [Server thread/INFO]: Preparing level "world"
[18:01:11] [Server thread/INFO]: Selecting global world spawn...
[18:01:18] [Server thread/INFO]: Loading 0 persistent chunks...
[18:01:18] [Server thread/INFO]: Preparing spawn area: 100%
[18:01:18] [Server thread/INFO]: Time elapsed: 6838 ms
[18:01:18] [Server thread/INFO]: Done (7.440s)! For help, type "help"
[18:02:18] [Server thread/INFO]: Server empty for 60 seconds, pausing
